<?xml version="1.0" encoding="UTF-8"?>
<!-- Generated by org.testng.reporters.JUnitXMLReporter -->
<testsuite hostname="Supto" ignored="0" name="Command line test" tests="10" failures="1" timestamp="2022-02-18T00:12:05 BDT" time="18.394" errors="0">
  <testcase name="bTest1" time="0.0" classname="ui.GroupsDemoTest"/>
  <testcase name="bTest2" time="0.0" classname="ui.GroupsDemoTest"/>
  <testcase name="csignupTest" time="0.0" classname="ui.GroupsDemoTest"/>
  <testcase name="bloginTest" time="0.0" classname="ui.GroupsDemoTest"/>
  <testcase name="alogoutTest" time="0.0" classname="ui.GroupsDemoTest"/>
  <testcase name="csignupTest" time="0.0" classname="ui.LoginTest"/>
  <testcase name="bloginTest" time="0.0" classname="ui.LoginTest"/>
  <testcase name="alogoutTest" time="0.0" classname="ui.LoginTest"/>
  <testcase name="titleTest" time="12.863" classname="ui.VerifyTitleTest"/>
  <testcase name="titleTest" time="5.482" classname="ui.VerifyTitleTestAndTextTest">
    <failure type="org.openqa.selenium.WebDriverException" message="unknown error: Chrome failed to start: exited normally.
  (chrome not reachable)
  (The process started from chrome location C:\Program Files (x86)\Google\Chrome\Application\chrome.exe is no longer running, so ChromeDriver is assuming that Chrome has crashed.)
Build info: version: &amp;apos;3.141.59&amp;apos;, revision: &amp;apos;e82be7d358&amp;apos;, time: &amp;apos;2018-11-14T08:17:03&amp;apos;
System info: host: &amp;apos;SUPTO&amp;apos;, ip: &amp;apos;192.168.1.4&amp;apos;, os.name: &amp;apos;Windows 10&amp;apos;, os.arch: &amp;apos;amd64&amp;apos;, os.version: &amp;apos;10.0&amp;apos;, java.version: &amp;apos;1.8.0_111&amp;apos;
Driver info: driver.version: ChromeDriver
remote stacktrace: Backtrace:
	Ordinal0 [0x003C7AC3+2587331]
	Ordinal0 [0x0035ADD1+2141649]
	Ordinal0 [0x00253BB8+1063864]
	Ordinal0 [0x002706E5+1181413]
	Ordinal0 [0x0026CC51+1166417]
	Ordinal0 [0x0029D12F+1364271]
	Ordinal0 [0x0029CD5A+1363290]
	Ordinal0 [0x002984A6+1344678]
	Ordinal0 [0x002753F6+1201142]
	Ordinal0 [0x002762E6+1204966]
	GetHandleVerifier [0x0056DF22+1680738]
	GetHandleVerifier [0x00620DBC+2413564]
	GetHandleVerifier [0x0045D151+563089]
	GetHandleVerifier [0x0045BF13+558419]
	Ordinal0 [0x0036081E+2164766]
	Ordinal0 [0x00365508+2184456]
	Ordinal0 [0x00365650+2184784]
	Ordinal0 [0x0036F5BC+2225596]
	BaseThreadInitThunk [0x76696739+25]
	RtlGetFullPathName_UEx [0x770A8E7F+1215]
	RtlGetFullPathName_UEx [0x770A8E4D+1165]
">
      <![CDATA[org.openqa.selenium.WebDriverException: unknown error: Chrome failed to start: exited normally.
  (chrome not reachable)
  (The process started from chrome location C:\Program Files (x86)\Google\Chrome\Application\chrome.exe is no longer running, so ChromeDriver is assuming that Chrome has crashed.)
Build info: version: '3.141.59', revision: 'e82be7d358', time: '2018-11-14T08:17:03'
System info: host: 'SUPTO', ip: '192.168.1.4', os.name: 'Windows 10', os.arch: 'amd64', os.version: '10.0', java.version: '1.8.0_111'
Driver info: driver.version: ChromeDriver
remote stacktrace: Backtrace:
Ordinal0 [0x003C7AC3+2587331]
Ordinal0 [0x0035ADD1+2141649]
Ordinal0 [0x00253BB8+1063864]
Ordinal0 [0x002706E5+1181413]
Ordinal0 [0x0026CC51+1166417]
Ordinal0 [0x0029D12F+1364271]
Ordinal0 [0x0029CD5A+1363290]
Ordinal0 [0x002984A6+1344678]
Ordinal0 [0x002753F6+1201142]
Ordinal0 [0x002762E6+1204966]
GetHandleVerifier [0x0056DF22+1680738]
GetHandleVerifier [0x00620DBC+2413564]
GetHandleVerifier [0x0045D151+563089]
GetHandleVerifier [0x0045BF13+558419]
Ordinal0 [0x0036081E+2164766]
Ordinal0 [0x00365508+2184456]
Ordinal0 [0x00365650+2184784]
Ordinal0 [0x0036F5BC+2225596]
BaseThreadInitThunk [0x76696739+25]
RtlGetFullPathName_UEx [0x770A8E7F+1215]
RtlGetFullPathName_UEx [0x770A8E4D+1165]

at org.openqa.selenium.remote.W3CHandshakeResponse.lambda$errorHandler$0(W3CHandshakeResponse.java:62)
at org.openqa.selenium.remote.HandshakeResponse.lambda$getResponseFunction$0(HandshakeResponse.java:30)
at org.openqa.selenium.remote.ProtocolHandshake.lambda$createSession$0(ProtocolHandshake.java:126)
at java.util.stream.ReferencePipeline$3$1.accept(ReferencePipeline.java:193)
at java.util.Spliterators$ArraySpliterator.tryAdvance(Spliterators.java:958)
at java.util.stream.ReferencePipeline.forEachWithCancel(ReferencePipeline.java:126)
at java.util.stream.AbstractPipeline.copyIntoWithCancel(AbstractPipeline.java:498)
at java.util.stream.AbstractPipeline.copyInto(AbstractPipeline.java:485)
at java.util.stream.AbstractPipeline.wrapAndCopyInto(AbstractPipeline.java:471)
at java.util.stream.FindOps$FindOp.evaluateSequential(FindOps.java:152)
at java.util.stream.AbstractPipeline.evaluate(AbstractPipeline.java:234)
at java.util.stream.ReferencePipeline.findFirst(ReferencePipeline.java:464)
at org.openqa.selenium.remote.ProtocolHandshake.createSession(ProtocolHandshake.java:128)
at org.openqa.selenium.remote.ProtocolHandshake.createSession(ProtocolHandshake.java:74)
at org.openqa.selenium.remote.HttpCommandExecutor.execute(HttpCommandExecutor.java:136)
at org.openqa.selenium.remote.service.DriverCommandExecutor.execute(DriverCommandExecutor.java:83)
at org.openqa.selenium.remote.RemoteWebDriver.execute(RemoteWebDriver.java:552)
at org.openqa.selenium.remote.RemoteWebDriver.startSession(RemoteWebDriver.java:213)
at org.openqa.selenium.remote.RemoteWebDriver.<init>(RemoteWebDriver.java:131)
at org.openqa.selenium.chrome.ChromeDriver.<init>(ChromeDriver.java:181)
at org.openqa.selenium.chrome.ChromeDriver.<init>(ChromeDriver.java:168)
at org.openqa.selenium.chrome.ChromeDriver.<init>(ChromeDriver.java:123)
at ui.VerifyTitleTestAndTextTest.titleTest(VerifyTitleTestAndTextTest.java:28)
at java.util.ArrayList.forEach(ArrayList.java:1249)
... Removed 41 stack frames]]>
    </failure>
  </testcase> <!-- titleTest -->
</testsuite> <!-- Command line test -->
